<?xml version="1.0" encoding="utf-8"?>
<test-run id="2" name="Open-Lab-04.12.dll" fullname="C:/Users/onkom/Source/Repos/Open-Lab-04.12/Open-Lab-04.12/bin/Debug/netcoreapp3.0/Open-Lab-04.12.dll" testcasecount="100" result="Passed" start-time="2021-11-10 08:23:01Z" end-time="2021-11-10 08:23:01Z" duration="0.125305" total="100" passed="100" failed="0" inconclusive="0" skipped="0" asserts="100" random-seed="97088867">
  <command-line><![CDATA[C:\Users\onkom\Source\Repos\Open-Lab-04.12\Open-Lab-04.12\bin\Debug\netcoreapp3.0\Open-Lab-04.12.dll]]></command-line>
  <filter />
  <test-suite type="Assembly" id="1102" name="Open-Lab-04.12.dll" fullname="C:/Users/onkom/Source/Repos/Open-Lab-04.12/Open-Lab-04.12/bin/Debug/netcoreapp3.0/Open-Lab-04.12.dll" runstate="Runnable" testcasecount="100" result="Passed" start-time="2021-11-10 08:23:01Z" end-time="2021-11-10 08:23:01Z" duration="0.125305" total="100" passed="100" failed="0" warnings="0" inconclusive="0" skipped="0" asserts="100">
    <environment framework-version="3.12.0.0" clr-version="3.1.19" os-version="Microsoft Windows 10.0.19042" platform="Win32NT" cwd="C:\Users\onkom\Source\Repos\Open-Lab-04.12\Open-Lab-04.12\bin\Debug\netcoreapp3.0" machine-name="DESKTOP-7OQAPDJ" user="onkom" user-domain="DESKTOP-7OQAPDJ" culture="en-US" uiculture="en-US" os-architecture="x64" />
    <settings>
      <setting name="WorkDirectory" value="C:\Users\onkom\Source\Repos\Open-Lab-04.12\Open-Lab-04.12\bin\Debug\netcoreapp3.0" />
      <setting name="NumberOfTestWorkers" value="4" />
    </settings>
    <properties>
      <property name="_PID" value="4528" />
      <property name="_APPDOMAIN" value="Open-Lab-04.12" />
    </properties>
    <test-suite type="TestSuite" id="1103" name="Open_Lab_04" fullname="Open_Lab_04" runstate="Runnable" testcasecount="100" result="Passed" start-time="2021-11-10 08:23:01Z" end-time="2021-11-10 08:23:01Z" duration="0.103929" total="100" passed="100" failed="0" warnings="0" inconclusive="0" skipped="0" asserts="100">
      <test-suite type="TestSuite" id="1104" name="_12" fullname="Open_Lab_04._12" runstate="Runnable" testcasecount="100" result="Passed" start-time="2021-11-10 08:23:01Z" end-time="2021-11-10 08:23:01Z" duration="0.102484" total="100" passed="100" failed="0" warnings="0" inconclusive="0" skipped="0" asserts="100">
        <test-suite type="TestFixture" id="1000" name="Tests" fullname="Open_Lab_04._12.Tests" classname="Open_Lab_04._12.Tests" runstate="Runnable" testcasecount="100" result="Passed" start-time="2021-11-10 08:23:01Z" end-time="2021-11-10 08:23:01Z" duration="0.097625" total="100" passed="100" failed="0" warnings="0" inconclusive="0" skipped="0" asserts="100">
          <test-suite type="ParameterizedMethod" id="1101" name="MissingNumTest" fullname="Open_Lab_04._12.Tests.MissingNumTest" classname="Open_Lab_04._12.Tests" runstate="Runnable" testcasecount="100" result="Passed" start-time="2021-11-10 08:23:01Z" end-time="2021-11-10 08:23:01Z" duration="0.079838" total="100" passed="100" failed="0" warnings="0" inconclusive="0" skipped="0" asserts="100">
            <test-case id="1001" name="MissingNumTest([1, 2, 3, 4, 6, ...],5)" fullname="Open_Lab_04._12.Tests.MissingNumTest([1, 2, 3, 4, 6, ...],5)" methodname="MissingNumTest" classname="Open_Lab_04._12.Tests" runstate="Runnable" seed="1862291473" result="Passed" start-time="2021-11-10 08:23:01Z" end-time="2021-11-10 08:23:01Z" duration="0.047489" asserts="1" />
            <test-case id="1002" name="MissingNumTest([7, 2, 3, 6, 5, ...],10)" fullname="Open_Lab_04._12.Tests.MissingNumTest([7, 2, 3, 6, 5, ...],10)" methodname="MissingNumTest" classname="Open_Lab_04._12.Tests" runstate="Runnable" seed="509875920" result="Passed" start-time="2021-11-10 08:23:01Z" end-time="2021-11-10 08:23:01Z" duration="0.000246" asserts="1" />
            <test-case id="1003" name="MissingNumTest([10, 5, 1, 2, 4, ...],7)" fullname="Open_Lab_04._12.Tests.MissingNumTest([10, 5, 1, 2, 4, ...],7)" methodname="MissingNumTest" classname="Open_Lab_04._12.Tests" runstate="Runnable" seed="2114025751" result="Passed" start-time="2021-11-10 08:23:01Z" end-time="2021-11-10 08:23:01Z" duration="0.000180" asserts="1" />
            <test-case id="1004" name="MissingNumTest([8, 4, 6, 3, 1, ...],7)" fullname="Open_Lab_04._12.Tests.MissingNumTest([8, 4, 6, 3, 1, ...],7)" methodname="MissingNumTest" classname="Open_Lab_04._12.Tests" runstate="Runnable" seed="2128567834" result="Passed" start-time="2021-11-10 08:23:01Z" end-time="2021-11-10 08:23:01Z" duration="0.000153" asserts="1" />
            <test-case id="1005" name="MissingNumTest([9, 6, 5, 10, 7, ...],4)" fullname="Open_Lab_04._12.Tests.MissingNumTest([9, 6, 5, 10, 7, ...],4)" methodname="MissingNumTest" classname="Open_Lab_04._12.Tests" runstate="Runnable" seed="1848126400" result="Passed" start-time="2021-11-10 08:23:01Z" end-time="2021-11-10 08:23:01Z" duration="0.000074" asserts="1" />
            <test-case id="1006" name="MissingNumTest([1, 5, 4, 6, 9, ...],10)" fullname="Open_Lab_04._12.Tests.MissingNumTest([1, 5, 4, 6, 9, ...],10)" methodname="MissingNumTest" classname="Open_Lab_04._12.Tests" runstate="Runnable" seed="1120467605" result="Passed" start-time="2021-11-10 08:23:01Z" end-time="2021-11-10 08:23:01Z" duration="0.000085" asserts="1" />
            <test-case id="1007" name="MissingNumTest([5, 10, 9, 3, 2, ...],1)" fullname="Open_Lab_04._12.Tests.MissingNumTest([5, 10, 9, 3, 2, ...],1)" methodname="MissingNumTest" classname="Open_Lab_04._12.Tests" runstate="Runnable" seed="89208771" result="Passed" start-time="2021-11-10 08:23:01Z" end-time="2021-11-10 08:23:01Z" duration="0.000082" asserts="1" />
            <test-case id="1008" name="MissingNumTest([6, 3, 5, 10, 9, ...],2)" fullname="Open_Lab_04._12.Tests.MissingNumTest([6, 3, 5, 10, 9, ...],2)" methodname="MissingNumTest" classname="Open_Lab_04._12.Tests" runstate="Runnable" seed="2139177077" result="Passed" start-time="2021-11-10 08:23:01Z" end-time="2021-11-10 08:23:01Z" duration="0.000068" asserts="1" />
            <test-case id="1009" name="MissingNumTest([9, 1, 8, 5, 6, ...],3)" fullname="Open_Lab_04._12.Tests.MissingNumTest([9, 1, 8, 5, 6, ...],3)" methodname="MissingNumTest" classname="Open_Lab_04._12.Tests" runstate="Runnable" seed="438566628" result="Passed" start-time="2021-11-10 08:23:01Z" end-time="2021-11-10 08:23:01Z" duration="0.000137" asserts="1" />
            <test-case id="1010" name="MissingNumTest([6, 3, 1, 2, 8, ...],5)" fullname="Open_Lab_04._12.Tests.MissingNumTest([6, 3, 1, 2, 8, ...],5)" methodname="MissingNumTest" classname="Open_Lab_04._12.Tests" runstate="Runnable" seed="1373583152" result="Passed" start-time="2021-11-10 08:23:01Z" end-time="2021-11-10 08:23:01Z" duration="0.000070" asserts="1" />
            <test-case id="1011" name="MissingNumTest([7, 1, 5, 10, 8, ...],9)" fullname="Open_Lab_04._12.Tests.MissingNumTest([7, 1, 5, 10, 8, ...],9)" methodname="MissingNumTest" classname="Open_Lab_04._12.Tests" runstate="Runnable" seed="1180515815" result="Passed" start-time="2021-11-10 08:23:01Z" end-time="2021-11-10 08:23:01Z" duration="0.000060" asserts="1" />
            <test-case id="1012" name="MissingNumTest([3, 4, 6, 10, 2, ...],8)" fullname="Open_Lab_04._12.Tests.MissingNumTest([3, 4, 6, 10, 2, ...],8)" methodname="MissingNumTest" classname="Open_Lab_04._12.Tests" runstate="Runnable" seed="1820433456" result="Passed" start-time="2021-11-10 08:23:01Z" end-time="2021-11-10 08:23:01Z" duration="0.000208" asserts="1" />
            <test-case id="1013" name="MissingNumTest([7, 10, 2, 4, 3, ...],1)" fullname="Open_Lab_04._12.Tests.MissingNumTest([7, 10, 2, 4, 3, ...],1)" methodname="MissingNumTest" classname="Open_Lab_04._12.Tests" runstate="Runnable" seed="467170021" result="Passed" start-time="2021-11-10 08:23:01Z" end-time="2021-11-10 08:23:01Z" duration="0.000095" asserts="1" />
            <test-case id="1014" name="MissingNumTest([6, 2, 8, 10, 7, ...],4)" fullname="Open_Lab_04._12.Tests.MissingNumTest([6, 2, 8, 10, 7, ...],4)" methodname="MissingNumTest" classname="Open_Lab_04._12.Tests" runstate="Runnable" seed="44932756" result="Passed" start-time="2021-11-10 08:23:01Z" end-time="2021-11-10 08:23:01Z" duration="0.000070" asserts="1" />
            <test-case id="1015" name="MissingNumTest([6, 4, 9, 1, 8, ...],7)" fullname="Open_Lab_04._12.Tests.MissingNumTest([6, 4, 9, 1, 8, ...],7)" methodname="MissingNumTest" classname="Open_Lab_04._12.Tests" runstate="Runnable" seed="1125425587" result="Passed" start-time="2021-11-10 08:23:01Z" end-time="2021-11-10 08:23:01Z" duration="0.000090" asserts="1" />
            <test-case id="1016" name="MissingNumTest([10, 1, 9, 8, 3, ...],7)" fullname="Open_Lab_04._12.Tests.MissingNumTest([10, 1, 9, 8, 3, ...],7)" methodname="MissingNumTest" classname="Open_Lab_04._12.Tests" runstate="Runnable" seed="315097918" result="Passed" start-time="2021-11-10 08:23:01Z" end-time="2021-11-10 08:23:01Z" duration="0.000938" asserts="1" />
            <test-case id="1017" name="MissingNumTest([5, 10, 1, 3, 7, ...],2)" fullname="Open_Lab_04._12.Tests.MissingNumTest([5, 10, 1, 3, 7, ...],2)" methodname="MissingNumTest" classname="Open_Lab_04._12.Tests" runstate="Runnable" seed="175644131" result="Passed" start-time="2021-11-10 08:23:01Z" end-time="2021-11-10 08:23:01Z" duration="0.000185" asserts="1" />
            <test-case id="1018" name="MissingNumTest([8, 9, 1, 5, 2, ...],6)" fullname="Open_Lab_04._12.Tests.MissingNumTest([8, 9, 1, 5, 2, ...],6)" methodname="MissingNumTest" classname="Open_Lab_04._12.Tests" runstate="Runnable" seed="139153841" result="Passed" start-time="2021-11-10 08:23:01Z" end-time="2021-11-10 08:23:01Z" duration="0.000092" asserts="1" />
            <test-case id="1019" name="MissingNumTest([6, 9, 3, 5, 4, ...],7)" fullname="Open_Lab_04._12.Tests.MissingNumTest([6, 9, 3, 5, 4, ...],7)" methodname="MissingNumTest" classname="Open_Lab_04._12.Tests" runstate="Runnable" seed="1174492560" result="Passed" start-time="2021-11-10 08:23:01Z" end-time="2021-11-10 08:23:01Z" duration="0.000064" asserts="1" />
            <test-case id="1020" name="MissingNumTest([4, 10, 7, 6, 9, ...],5)" fullname="Open_Lab_04._12.Tests.MissingNumTest([4, 10, 7, 6, 9, ...],5)" methodname="MissingNumTest" classname="Open_Lab_04._12.Tests" runstate="Runnable" seed="1024992527" result="Passed" start-time="2021-11-10 08:23:01Z" end-time="2021-11-10 08:23:01Z" duration="0.000067" asserts="1" />
            <test-case id="1021" name="MissingNumTest([3, 10, 8, 1, 4, ...],6)" fullname="Open_Lab_04._12.Tests.MissingNumTest([3, 10, 8, 1, 4, ...],6)" methodname="MissingNumTest" classname="Open_Lab_04._12.Tests" runstate="Runnable" seed="1267843393" result="Passed" start-time="2021-11-10 08:23:01Z" end-time="2021-11-10 08:23:01Z" duration="0.000084" asserts="1" />
            <test-case id="1022" name="MissingNumTest([8, 7, 2, 4, 3, ...],9)" fullname="Open_Lab_04._12.Tests.MissingNumTest([8, 7, 2, 4, 3, ...],9)" methodname="MissingNumTest" classname="Open_Lab_04._12.Tests" runstate="Runnable" seed="2037594212" result="Passed" start-time="2021-11-10 08:23:01Z" end-time="2021-11-10 08:23:01Z" duration="0.000059" asserts="1" />
            <test-case id="1023" name="MissingNumTest([9, 6, 8, 5, 7, ...],10)" fullname="Open_Lab_04._12.Tests.MissingNumTest([9, 6, 8, 5, 7, ...],10)" methodname="MissingNumTest" classname="Open_Lab_04._12.Tests" runstate="Runnable" seed="51012857" result="Passed" start-time="2021-11-10 08:23:01Z" end-time="2021-11-10 08:23:01Z" duration="0.000067" asserts="1" />
            <test-case id="1024" name="MissingNumTest([10, 5, 6, 2, 8, ...],4)" fullname="Open_Lab_04._12.Tests.MissingNumTest([10, 5, 6, 2, 8, ...],4)" methodname="MissingNumTest" classname="Open_Lab_04._12.Tests" runstate="Runnable" seed="143662158" result="Passed" start-time="2021-11-10 08:23:01Z" end-time="2021-11-10 08:23:01Z" duration="0.000149" asserts="1" />
            <test-case id="1025" name="MissingNumTest([10, 7, 9, 6, 2, ...],8)" fullname="Open_Lab_04._12.Tests.MissingNumTest([10, 7, 9, 6, 2, ...],8)" methodname="MissingNumTest" classname="Open_Lab_04._12.Tests" runstate="Runnable" seed="781494562" result="Passed" start-time="2021-11-10 08:23:01Z" end-time="2021-11-10 08:23:01Z" duration="0.000087" asserts="1" />
            <test-case id="1026" name="MissingNumTest([7, 1, 4, 8, 6, ...],9)" fullname="Open_Lab_04._12.Tests.MissingNumTest([7, 1, 4, 8, 6, ...],9)" methodname="MissingNumTest" classname="Open_Lab_04._12.Tests" runstate="Runnable" seed="1724548053" result="Passed" start-time="2021-11-10 08:23:01Z" end-time="2021-11-10 08:23:01Z" duration="0.000118" asserts="1" />
            <test-case id="1027" name="MissingNumTest([6, 5, 8, 7, 3, ...],10)" fullname="Open_Lab_04._12.Tests.MissingNumTest([6, 5, 8, 7, 3, ...],10)" methodname="MissingNumTest" classname="Open_Lab_04._12.Tests" runstate="Runnable" seed="1689408069" result="Passed" start-time="2021-11-10 08:23:01Z" end-time="2021-11-10 08:23:01Z" duration="0.000053" asserts="1" />
            <test-case id="1028" name="MissingNumTest([4, 5, 1, 6, 2, ...],10)" fullname="Open_Lab_04._12.Tests.MissingNumTest([4, 5, 1, 6, 2, ...],10)" methodname="MissingNumTest" classname="Open_Lab_04._12.Tests" runstate="Runnable" seed="1166027540" result="Passed" start-time="2021-11-10 08:23:01Z" end-time="2021-11-10 08:23:01Z" duration="0.000048" asserts="1" />
            <test-case id="1029" name="MissingNumTest([3, 6, 4, 5, 10, ...],1)" fullname="Open_Lab_04._12.Tests.MissingNumTest([3, 6, 4, 5, 10, ...],1)" methodname="MissingNumTest" classname="Open_Lab_04._12.Tests" runstate="Runnable" seed="1444237689" result="Passed" start-time="2021-11-10 08:23:01Z" end-time="2021-11-10 08:23:01Z" duration="0.000089" asserts="1" />
            <test-case id="1030" name="MissingNumTest([2, 7, 8, 4, 6, ...],9)" fullname="Open_Lab_04._12.Tests.MissingNumTest([2, 7, 8, 4, 6, ...],9)" methodname="MissingNumTest" classname="Open_Lab_04._12.Tests" runstate="Runnable" seed="1914229727" result="Passed" start-time="2021-11-10 08:23:01Z" end-time="2021-11-10 08:23:01Z" duration="0.000088" asserts="1" />
            <test-case id="1031" name="MissingNumTest([2, 10, 1, 4, 3, ...],9)" fullname="Open_Lab_04._12.Tests.MissingNumTest([2, 10, 1, 4, 3, ...],9)" methodname="MissingNumTest" classname="Open_Lab_04._12.Tests" runstate="Runnable" seed="868136397" result="Passed" start-time="2021-11-10 08:23:01Z" end-time="2021-11-10 08:23:01Z" duration="0.000078" asserts="1" />
            <test-case id="1032" name="MissingNumTest([9, 2, 8, 4, 10, ...],5)" fullname="Open_Lab_04._12.Tests.MissingNumTest([9, 2, 8, 4, 10, ...],5)" methodname="MissingNumTest" classname="Open_Lab_04._12.Tests" runstate="Runnable" seed="1051262374" result="Passed" start-time="2021-11-10 08:23:01Z" end-time="2021-11-10 08:23:01Z" duration="0.000097" asserts="1" />
            <test-case id="1033" name="MissingNumTest([5, 7, 10, 6, 1, ...],4)" fullname="Open_Lab_04._12.Tests.MissingNumTest([5, 7, 10, 6, 1, ...],4)" methodname="MissingNumTest" classname="Open_Lab_04._12.Tests" runstate="Runnable" seed="1253262224" result="Passed" start-time="2021-11-10 08:23:01Z" end-time="2021-11-10 08:23:01Z" duration="0.000051" asserts="1" />
            <test-case id="1034" name="MissingNumTest([1, 7, 2, 9, 8, ...],10)" fullname="Open_Lab_04._12.Tests.MissingNumTest([1, 7, 2, 9, 8, ...],10)" methodname="MissingNumTest" classname="Open_Lab_04._12.Tests" runstate="Runnable" seed="1696921074" result="Passed" start-time="2021-11-10 08:23:01Z" end-time="2021-11-10 08:23:01Z" duration="0.000657" asserts="1" />
            <test-case id="1035" name="MissingNumTest([5, 6, 10, 7, 4, ...],3)" fullname="Open_Lab_04._12.Tests.MissingNumTest([5, 6, 10, 7, 4, ...],3)" methodname="MissingNumTest" classname="Open_Lab_04._12.Tests" runstate="Runnable" seed="1690919221" result="Passed" start-time="2021-11-10 08:23:01Z" end-time="2021-11-10 08:23:01Z" duration="0.000087" asserts="1" />
            <test-case id="1036" name="MissingNumTest([10, 8, 7, 6, 5, ...],2)" fullname="Open_Lab_04._12.Tests.MissingNumTest([10, 8, 7, 6, 5, ...],2)" methodname="MissingNumTest" classname="Open_Lab_04._12.Tests" runstate="Runnable" seed="1049534955" result="Passed" start-time="2021-11-10 08:23:01Z" end-time="2021-11-10 08:23:01Z" duration="0.000051" asserts="1" />
            <test-case id="1037" name="MissingNumTest([7, 4, 2, 5, 8, ...],6)" fullname="Open_Lab_04._12.Tests.MissingNumTest([7, 4, 2, 5, 8, ...],6)" methodname="MissingNumTest" classname="Open_Lab_04._12.Tests" runstate="Runnable" seed="1306143067" result="Passed" start-time="2021-11-10 08:23:01Z" end-time="2021-11-10 08:23:01Z" duration="0.000063" asserts="1" />
            <test-case id="1038" name="MissingNumTest([8, 2, 5, 4, 7, ...],1)" fullname="Open_Lab_04._12.Tests.MissingNumTest([8, 2, 5, 4, 7, ...],1)" methodname="MissingNumTest" classname="Open_Lab_04._12.Tests" runstate="Runnable" seed="478218668" result="Passed" start-time="2021-11-10 08:23:01Z" end-time="2021-11-10 08:23:01Z" duration="0.000061" asserts="1" />
            <test-case id="1039" name="MissingNumTest([5, 8, 7, 6, 3, ...],1)" fullname="Open_Lab_04._12.Tests.MissingNumTest([5, 8, 7, 6, 3, ...],1)" methodname="MissingNumTest" classname="Open_Lab_04._12.Tests" runstate="Runnable" seed="1736123726" result="Passed" start-time="2021-11-10 08:23:01Z" end-time="2021-11-10 08:23:01Z" duration="0.000050" asserts="1" />
            <test-case id="1040" name="MissingNumTest([5, 9, 8, 6, 1, ...],4)" fullname="Open_Lab_04._12.Tests.MissingNumTest([5, 9, 8, 6, 1, ...],4)" methodname="MissingNumTest" classname="Open_Lab_04._12.Tests" runstate="Runnable" seed="968095693" result="Passed" start-time="2021-11-10 08:23:01Z" end-time="2021-11-10 08:23:01Z" duration="0.000065" asserts="1" />
            <test-case id="1041" name="MissingNumTest([10, 5, 7, 9, 8, ...],1)" fullname="Open_Lab_04._12.Tests.MissingNumTest([10, 5, 7, 9, 8, ...],1)" methodname="MissingNumTest" classname="Open_Lab_04._12.Tests" runstate="Runnable" seed="807760123" result="Passed" start-time="2021-11-10 08:23:01Z" end-time="2021-11-10 08:23:01Z" duration="0.000114" asserts="1" />
            <test-case id="1042" name="MissingNumTest([5, 9, 4, 1, 8, ...],10)" fullname="Open_Lab_04._12.Tests.MissingNumTest([5, 9, 4, 1, 8, ...],10)" methodname="MissingNumTest" classname="Open_Lab_04._12.Tests" runstate="Runnable" seed="2134543020" result="Passed" start-time="2021-11-10 08:23:01Z" end-time="2021-11-10 08:23:01Z" duration="0.000053" asserts="1" />
            <test-case id="1043" name="MissingNumTest([8, 1, 9, 3, 5, ...],4)" fullname="Open_Lab_04._12.Tests.MissingNumTest([8, 1, 9, 3, 5, ...],4)" methodname="MissingNumTest" classname="Open_Lab_04._12.Tests" runstate="Runnable" seed="1290906902" result="Passed" start-time="2021-11-10 08:23:01Z" end-time="2021-11-10 08:23:01Z" duration="0.000079" asserts="1" />
            <test-case id="1044" name="MissingNumTest([1, 5, 10, 7, 8, ...],9)" fullname="Open_Lab_04._12.Tests.MissingNumTest([1, 5, 10, 7, 8, ...],9)" methodname="MissingNumTest" classname="Open_Lab_04._12.Tests" runstate="Runnable" seed="1778542826" result="Passed" start-time="2021-11-10 08:23:01Z" end-time="2021-11-10 08:23:01Z" duration="0.000049" asserts="1" />
            <test-case id="1045" name="MissingNumTest([10, 7, 5, 3, 4, ...],9)" fullname="Open_Lab_04._12.Tests.MissingNumTest([10, 7, 5, 3, 4, ...],9)" methodname="MissingNumTest" classname="Open_Lab_04._12.Tests" runstate="Runnable" seed="1882971481" result="Passed" start-time="2021-11-10 08:23:01Z" end-time="2021-11-10 08:23:01Z" duration="0.000047" asserts="1" />
            <test-case id="1046" name="MissingNumTest([5, 3, 7, 4, 10, ...],8)" fullname="Open_Lab_04._12.Tests.MissingNumTest([5, 3, 7, 4, 10, ...],8)" methodname="MissingNumTest" classname="Open_Lab_04._12.Tests" runstate="Runnable" seed="903185784" result="Passed" start-time="2021-11-10 08:23:01Z" end-time="2021-11-10 08:23:01Z" duration="0.000059" asserts="1" />
            <test-case id="1047" name="MissingNumTest([5, 2, 1, 7, 3, ...],4)" fullname="Open_Lab_04._12.Tests.MissingNumTest([5, 2, 1, 7, 3, ...],4)" methodname="MissingNumTest" classname="Open_Lab_04._12.Tests" runstate="Runnable" seed="1649026684" result="Passed" start-time="2021-11-10 08:23:01Z" end-time="2021-11-10 08:23:01Z" duration="0.000046" asserts="1" />
            <test-case id="1048" name="MissingNumTest([5, 10, 7, 1, 4, ...],3)" fullname="Open_Lab_04._12.Tests.MissingNumTest([5, 10, 7, 1, 4, ...],3)" methodname="MissingNumTest" classname="Open_Lab_04._12.Tests" runstate="Runnable" seed="338603951" result="Passed" start-time="2021-11-10 08:23:01Z" end-time="2021-11-10 08:23:01Z" duration="0.000057" asserts="1" />
            <test-case id="1049" name="MissingNumTest([5, 4, 3, 6, 1, ...],8)" fullname="Open_Lab_04._12.Tests.MissingNumTest([5, 4, 3, 6, 1, ...],8)" methodname="MissingNumTest" classname="Open_Lab_04._12.Tests" runstate="Runnable" seed="538483819" result="Passed" start-time="2021-11-10 08:23:01Z" end-time="2021-11-10 08:23:01Z" duration="0.000060" asserts="1" />
            <test-case id="1050" name="MissingNumTest([9, 1, 7, 8, 10, ...],3)" fullname="Open_Lab_04._12.Tests.MissingNumTest([9, 1, 7, 8, 10, ...],3)" methodname="MissingNumTest" classname="Open_Lab_04._12.Tests" runstate="Runnable" seed="1575119313" result="Passed" start-time="2021-11-10 08:23:01Z" end-time="2021-11-10 08:23:01Z" duration="0.000050" asserts="1" />
            <test-case id="1051" name="MissingNumTest([1, 2, 6, 3, 5, ...],10)" fullname="Open_Lab_04._12.Tests.MissingNumTest([1, 2, 6, 3, 5, ...],10)" methodname="MissingNumTest" classname="Open_Lab_04._12.Tests" runstate="Runnable" seed="1888536070" result="Passed" start-time="2021-11-10 08:23:01Z" end-time="2021-11-10 08:23:01Z" duration="0.000058" asserts="1" />
            <test-case id="1052" name="MissingNumTest([5, 10, 9, 3, 1, ...],8)" fullname="Open_Lab_04._12.Tests.MissingNumTest([5, 10, 9, 3, 1, ...],8)" methodname="MissingNumTest" classname="Open_Lab_04._12.Tests" runstate="Runnable" seed="1967857731" result="Passed" start-time="2021-11-10 08:23:01Z" end-time="2021-11-10 08:23:01Z" duration="0.000065" asserts="1" />
            <test-case id="1053" name="MissingNumTest([3, 2, 1, 9, 6, ...],7)" fullname="Open_Lab_04._12.Tests.MissingNumTest([3, 2, 1, 9, 6, ...],7)" methodname="MissingNumTest" classname="Open_Lab_04._12.Tests" runstate="Runnable" seed="1123412786" result="Passed" start-time="2021-11-10 08:23:01Z" end-time="2021-11-10 08:23:01Z" duration="0.000052" asserts="1" />
            <test-case id="1054" name="MissingNumTest([8, 7, 2, 5, 9, ...],3)" fullname="Open_Lab_04._12.Tests.MissingNumTest([8, 7, 2, 5, 9, ...],3)" methodname="MissingNumTest" classname="Open_Lab_04._12.Tests" runstate="Runnable" seed="1953541442" result="Passed" start-time="2021-11-10 08:23:01Z" end-time="2021-11-10 08:23:01Z" duration="0.000072" asserts="1" />
            <test-case id="1055" name="MissingNumTest([9, 4, 8, 1, 10, ...],6)" fullname="Open_Lab_04._12.Tests.MissingNumTest([9, 4, 8, 1, 10, ...],6)" methodname="MissingNumTest" classname="Open_Lab_04._12.Tests" runstate="Runnable" seed="76053034" result="Passed" start-time="2021-11-10 08:23:01Z" end-time="2021-11-10 08:23:01Z" duration="0.000161" asserts="1" />
            <test-case id="1056" name="MissingNumTest([3, 7, 2, 5, 1, ...],10)" fullname="Open_Lab_04._12.Tests.MissingNumTest([3, 7, 2, 5, 1, ...],10)" methodname="MissingNumTest" classname="Open_Lab_04._12.Tests" runstate="Runnable" seed="1051044689" result="Passed" start-time="2021-11-10 08:23:01Z" end-time="2021-11-10 08:23:01Z" duration="0.000054" asserts="1" />
            <test-case id="1057" name="MissingNumTest([5, 7, 8, 2, 6, ...],10)" fullname="Open_Lab_04._12.Tests.MissingNumTest([5, 7, 8, 2, 6, ...],10)" methodname="MissingNumTest" classname="Open_Lab_04._12.Tests" runstate="Runnable" seed="838903707" result="Passed" start-time="2021-11-10 08:23:01Z" end-time="2021-11-10 08:23:01Z" duration="0.000062" asserts="1" />
            <test-case id="1058" name="MissingNumTest([9, 8, 5, 3, 4, ...],1)" fullname="Open_Lab_04._12.Tests.MissingNumTest([9, 8, 5, 3, 4, ...],1)" methodname="MissingNumTest" classname="Open_Lab_04._12.Tests" runstate="Runnable" seed="1209123258" result="Passed" start-time="2021-11-10 08:23:01Z" end-time="2021-11-10 08:23:01Z" duration="0.000050" asserts="1" />
            <test-case id="1059" name="MissingNumTest([8, 2, 7, 9, 5, ...],1)" fullname="Open_Lab_04._12.Tests.MissingNumTest([8, 2, 7, 9, 5, ...],1)" methodname="MissingNumTest" classname="Open_Lab_04._12.Tests" runstate="Runnable" seed="1347073272" result="Passed" start-time="2021-11-10 08:23:01Z" end-time="2021-11-10 08:23:01Z" duration="0.000086" asserts="1" />
            <test-case id="1060" name="MissingNumTest([10, 3, 8, 9, 4, ...],1)" fullname="Open_Lab_04._12.Tests.MissingNumTest([10, 3, 8, 9, 4, ...],1)" methodname="MissingNumTest" classname="Open_Lab_04._12.Tests" runstate="Runnable" seed="123578347" result="Passed" start-time="2021-11-10 08:23:01Z" end-time="2021-11-10 08:23:01Z" duration="0.000062" asserts="1" />
            <test-case id="1061" name="MissingNumTest([3, 5, 2, 7, 9, ...],8)" fullname="Open_Lab_04._12.Tests.MissingNumTest([3, 5, 2, 7, 9, ...],8)" methodname="MissingNumTest" classname="Open_Lab_04._12.Tests" runstate="Runnable" seed="1578543183" result="Passed" start-time="2021-11-10 08:23:01Z" end-time="2021-11-10 08:23:01Z" duration="0.000051" asserts="1" />
            <test-case id="1062" name="MissingNumTest([2, 6, 1, 7, 10, ...],8)" fullname="Open_Lab_04._12.Tests.MissingNumTest([2, 6, 1, 7, 10, ...],8)" methodname="MissingNumTest" classname="Open_Lab_04._12.Tests" runstate="Runnable" seed="1070664878" result="Passed" start-time="2021-11-10 08:23:01Z" end-time="2021-11-10 08:23:01Z" duration="0.000106" asserts="1" />
            <test-case id="1063" name="MissingNumTest([5, 3, 8, 7, 2, ...],6)" fullname="Open_Lab_04._12.Tests.MissingNumTest([5, 3, 8, 7, 2, ...],6)" methodname="MissingNumTest" classname="Open_Lab_04._12.Tests" runstate="Runnable" seed="694939388" result="Passed" start-time="2021-11-10 08:23:01Z" end-time="2021-11-10 08:23:01Z" duration="0.000100" asserts="1" />
            <test-case id="1064" name="MissingNumTest([3, 9, 2, 5, 6, ...],4)" fullname="Open_Lab_04._12.Tests.MissingNumTest([3, 9, 2, 5, 6, ...],4)" methodname="MissingNumTest" classname="Open_Lab_04._12.Tests" runstate="Runnable" seed="671820548" result="Passed" start-time="2021-11-10 08:23:01Z" end-time="2021-11-10 08:23:01Z" duration="0.000076" asserts="1" />
            <test-case id="1065" name="MissingNumTest([4, 2, 8, 7, 3, ...],10)" fullname="Open_Lab_04._12.Tests.MissingNumTest([4, 2, 8, 7, 3, ...],10)" methodname="MissingNumTest" classname="Open_Lab_04._12.Tests" runstate="Runnable" seed="505446755" result="Passed" start-time="2021-11-10 08:23:01Z" end-time="2021-11-10 08:23:01Z" duration="0.000062" asserts="1" />
            <test-case id="1066" name="MissingNumTest([9, 8, 1, 7, 2, ...],6)" fullname="Open_Lab_04._12.Tests.MissingNumTest([9, 8, 1, 7, 2, ...],6)" methodname="MissingNumTest" classname="Open_Lab_04._12.Tests" runstate="Runnable" seed="129253441" result="Passed" start-time="2021-11-10 08:23:01Z" end-time="2021-11-10 08:23:01Z" duration="0.000049" asserts="1" />
            <test-case id="1067" name="MissingNumTest([6, 7, 5, 4, 8, ...],10)" fullname="Open_Lab_04._12.Tests.MissingNumTest([6, 7, 5, 4, 8, ...],10)" methodname="MissingNumTest" classname="Open_Lab_04._12.Tests" runstate="Runnable" seed="567171232" result="Passed" start-time="2021-11-10 08:23:01Z" end-time="2021-11-10 08:23:01Z" duration="0.000049" asserts="1" />
            <test-case id="1068" name="MissingNumTest([8, 9, 2, 3, 1, ...],10)" fullname="Open_Lab_04._12.Tests.MissingNumTest([8, 9, 2, 3, 1, ...],10)" methodname="MissingNumTest" classname="Open_Lab_04._12.Tests" runstate="Runnable" seed="917732594" result="Passed" start-time="2021-11-10 08:23:01Z" end-time="2021-11-10 08:23:01Z" duration="0.000072" asserts="1" />
            <test-case id="1069" name="MissingNumTest([3, 4, 8, 10, 9, ...],6)" fullname="Open_Lab_04._12.Tests.MissingNumTest([3, 4, 8, 10, 9, ...],6)" methodname="MissingNumTest" classname="Open_Lab_04._12.Tests" runstate="Runnable" seed="501497182" result="Passed" start-time="2021-11-10 08:23:01Z" end-time="2021-11-10 08:23:01Z" duration="0.000048" asserts="1" />
            <test-case id="1070" name="MissingNumTest([6, 5, 4, 7, 3, ...],8)" fullname="Open_Lab_04._12.Tests.MissingNumTest([6, 5, 4, 7, 3, ...],8)" methodname="MissingNumTest" classname="Open_Lab_04._12.Tests" runstate="Runnable" seed="75890632" result="Passed" start-time="2021-11-10 08:23:01Z" end-time="2021-11-10 08:23:01Z" duration="0.000072" asserts="1" />
            <test-case id="1071" name="MissingNumTest([9, 6, 1, 3, 10, ...],7)" fullname="Open_Lab_04._12.Tests.MissingNumTest([9, 6, 1, 3, 10, ...],7)" methodname="MissingNumTest" classname="Open_Lab_04._12.Tests" runstate="Runnable" seed="1156438498" result="Passed" start-time="2021-11-10 08:23:01Z" end-time="2021-11-10 08:23:01Z" duration="0.000063" asserts="1" />
            <test-case id="1072" name="MissingNumTest([4, 5, 3, 6, 1, ...],2)" fullname="Open_Lab_04._12.Tests.MissingNumTest([4, 5, 3, 6, 1, ...],2)" methodname="MissingNumTest" classname="Open_Lab_04._12.Tests" runstate="Runnable" seed="1844909110" result="Passed" start-time="2021-11-10 08:23:01Z" end-time="2021-11-10 08:23:01Z" duration="0.000171" asserts="1" />
            <test-case id="1073" name="MissingNumTest([4, 7, 5, 9, 3, ...],6)" fullname="Open_Lab_04._12.Tests.MissingNumTest([4, 7, 5, 9, 3, ...],6)" methodname="MissingNumTest" classname="Open_Lab_04._12.Tests" runstate="Runnable" seed="550513762" result="Passed" start-time="2021-11-10 08:23:01Z" end-time="2021-11-10 08:23:01Z" duration="0.000080" asserts="1" />
            <test-case id="1074" name="MissingNumTest([5, 8, 9, 1, 10, ...],6)" fullname="Open_Lab_04._12.Tests.MissingNumTest([5, 8, 9, 1, 10, ...],6)" methodname="MissingNumTest" classname="Open_Lab_04._12.Tests" runstate="Runnable" seed="206396867" result="Passed" start-time="2021-11-10 08:23:01Z" end-time="2021-11-10 08:23:01Z" duration="0.000061" asserts="1" />
            <test-case id="1075" name="MissingNumTest([4, 10, 2, 5, 8, ...],9)" fullname="Open_Lab_04._12.Tests.MissingNumTest([4, 10, 2, 5, 8, ...],9)" methodname="MissingNumTest" classname="Open_Lab_04._12.Tests" runstate="Runnable" seed="217232404" result="Passed" start-time="2021-11-10 08:23:01Z" end-time="2021-11-10 08:23:01Z" duration="0.000051" asserts="1" />
            <test-case id="1076" name="MissingNumTest([5, 4, 1, 8, 9, ...],3)" fullname="Open_Lab_04._12.Tests.MissingNumTest([5, 4, 1, 8, 9, ...],3)" methodname="MissingNumTest" classname="Open_Lab_04._12.Tests" runstate="Runnable" seed="1280784020" result="Passed" start-time="2021-11-10 08:23:01Z" end-time="2021-11-10 08:23:01Z" duration="0.000062" asserts="1" />
            <test-case id="1077" name="MissingNumTest([10, 1, 4, 6, 3, ...],8)" fullname="Open_Lab_04._12.Tests.MissingNumTest([10, 1, 4, 6, 3, ...],8)" methodname="MissingNumTest" classname="Open_Lab_04._12.Tests" runstate="Runnable" seed="746687310" result="Passed" start-time="2021-11-10 08:23:01Z" end-time="2021-11-10 08:23:01Z" duration="0.000048" asserts="1" />
            <test-case id="1078" name="MissingNumTest([9, 4, 7, 3, 6, ...],2)" fullname="Open_Lab_04._12.Tests.MissingNumTest([9, 4, 7, 3, 6, ...],2)" methodname="MissingNumTest" classname="Open_Lab_04._12.Tests" runstate="Runnable" seed="419953678" result="Passed" start-time="2021-11-10 08:23:01Z" end-time="2021-11-10 08:23:01Z" duration="0.000049" asserts="1" />
            <test-case id="1079" name="MissingNumTest([5, 9, 4, 2, 10, ...],6)" fullname="Open_Lab_04._12.Tests.MissingNumTest([5, 9, 4, 2, 10, ...],6)" methodname="MissingNumTest" classname="Open_Lab_04._12.Tests" runstate="Runnable" seed="408174324" result="Passed" start-time="2021-11-10 08:23:01Z" end-time="2021-11-10 08:23:01Z" duration="0.000062" asserts="1" />
            <test-case id="1080" name="MissingNumTest([7, 10, 4, 9, 2, ...],3)" fullname="Open_Lab_04._12.Tests.MissingNumTest([7, 10, 4, 9, 2, ...],3)" methodname="MissingNumTest" classname="Open_Lab_04._12.Tests" runstate="Runnable" seed="2025792425" result="Passed" start-time="2021-11-10 08:23:01Z" end-time="2021-11-10 08:23:01Z" duration="0.000051" asserts="1" />
            <test-case id="1081" name="MissingNumTest([6, 4, 7, 5, 3, ...],9)" fullname="Open_Lab_04._12.Tests.MissingNumTest([6, 4, 7, 5, 3, ...],9)" methodname="MissingNumTest" classname="Open_Lab_04._12.Tests" runstate="Runnable" seed="75521369" result="Passed" start-time="2021-11-10 08:23:01Z" end-time="2021-11-10 08:23:01Z" duration="0.000088" asserts="1" />
            <test-case id="1082" name="MissingNumTest([6, 9, 4, 10, 2, ...],5)" fullname="Open_Lab_04._12.Tests.MissingNumTest([6, 9, 4, 10, 2, ...],5)" methodname="MissingNumTest" classname="Open_Lab_04._12.Tests" runstate="Runnable" seed="1350804118" result="Passed" start-time="2021-11-10 08:23:01Z" end-time="2021-11-10 08:23:01Z" duration="0.000069" asserts="1" />
            <test-case id="1083" name="MissingNumTest([8, 3, 10, 2, 7, ...],4)" fullname="Open_Lab_04._12.Tests.MissingNumTest([8, 3, 10, 2, 7, ...],4)" methodname="MissingNumTest" classname="Open_Lab_04._12.Tests" runstate="Runnable" seed="627543721" result="Passed" start-time="2021-11-10 08:23:01Z" end-time="2021-11-10 08:23:01Z" duration="0.000051" asserts="1" />
            <test-case id="1084" name="MissingNumTest([10, 6, 2, 1, 3, ...],5)" fullname="Open_Lab_04._12.Tests.MissingNumTest([10, 6, 2, 1, 3, ...],5)" methodname="MissingNumTest" classname="Open_Lab_04._12.Tests" runstate="Runnable" seed="2016602023" result="Passed" start-time="2021-11-10 08:23:01Z" end-time="2021-11-10 08:23:01Z" duration="0.000064" asserts="1" />
            <test-case id="1085" name="MissingNumTest([6, 4, 8, 2, 1, ...],10)" fullname="Open_Lab_04._12.Tests.MissingNumTest([6, 4, 8, 2, 1, ...],10)" methodname="MissingNumTest" classname="Open_Lab_04._12.Tests" runstate="Runnable" seed="25693657" result="Passed" start-time="2021-11-10 08:23:01Z" end-time="2021-11-10 08:23:01Z" duration="0.000065" asserts="1" />
            <test-case id="1086" name="MissingNumTest([3, 10, 1, 6, 2, ...],7)" fullname="Open_Lab_04._12.Tests.MissingNumTest([3, 10, 1, 6, 2, ...],7)" methodname="MissingNumTest" classname="Open_Lab_04._12.Tests" runstate="Runnable" seed="1047762313" result="Passed" start-time="2021-11-10 08:23:01Z" end-time="2021-11-10 08:23:01Z" duration="0.000053" asserts="1" />
            <test-case id="1087" name="MissingNumTest([8, 3, 2, 6, 7, ...],9)" fullname="Open_Lab_04._12.Tests.MissingNumTest([8, 3, 2, 6, 7, ...],9)" methodname="MissingNumTest" classname="Open_Lab_04._12.Tests" runstate="Runnable" seed="2075333235" result="Passed" start-time="2021-11-10 08:23:01Z" end-time="2021-11-10 08:23:01Z" duration="0.000069" asserts="1" />
            <test-case id="1088" name="MissingNumTest([9, 4, 5, 10, 8, ...],2)" fullname="Open_Lab_04._12.Tests.MissingNumTest([9, 4, 5, 10, 8, ...],2)" methodname="MissingNumTest" classname="Open_Lab_04._12.Tests" runstate="Runnable" seed="1447204429" result="Passed" start-time="2021-11-10 08:23:01Z" end-time="2021-11-10 08:23:01Z" duration="0.000160" asserts="1" />
            <test-case id="1089" name="MissingNumTest([5, 6, 8, 3, 4, ...],7)" fullname="Open_Lab_04._12.Tests.MissingNumTest([5, 6, 8, 3, 4, ...],7)" methodname="MissingNumTest" classname="Open_Lab_04._12.Tests" runstate="Runnable" seed="1620868040" result="Passed" start-time="2021-11-10 08:23:01Z" end-time="2021-11-10 08:23:01Z" duration="0.000258" asserts="1" />
            <test-case id="1090" name="MissingNumTest([8, 6, 5, 7, 3, ...],1)" fullname="Open_Lab_04._12.Tests.MissingNumTest([8, 6, 5, 7, 3, ...],1)" methodname="MissingNumTest" classname="Open_Lab_04._12.Tests" runstate="Runnable" seed="639874532" result="Passed" start-time="2021-11-10 08:23:01Z" end-time="2021-11-10 08:23:01Z" duration="0.000194" asserts="1" />
            <test-case id="1091" name="MissingNumTest([5, 2, 8, 1, 4, ...],3)" fullname="Open_Lab_04._12.Tests.MissingNumTest([5, 2, 8, 1, 4, ...],3)" methodname="MissingNumTest" classname="Open_Lab_04._12.Tests" runstate="Runnable" seed="210631248" result="Passed" start-time="2021-11-10 08:23:01Z" end-time="2021-11-10 08:23:01Z" duration="0.000162" asserts="1" />
            <test-case id="1092" name="MissingNumTest([1, 3, 2, 9, 8, ...],4)" fullname="Open_Lab_04._12.Tests.MissingNumTest([1, 3, 2, 9, 8, ...],4)" methodname="MissingNumTest" classname="Open_Lab_04._12.Tests" runstate="Runnable" seed="97019809" result="Passed" start-time="2021-11-10 08:23:01Z" end-time="2021-11-10 08:23:01Z" duration="0.000074" asserts="1" />
            <test-case id="1093" name="MissingNumTest([9, 10, 3, 8, 4, ...],6)" fullname="Open_Lab_04._12.Tests.MissingNumTest([9, 10, 3, 8, 4, ...],6)" methodname="MissingNumTest" classname="Open_Lab_04._12.Tests" runstate="Runnable" seed="1278629043" result="Passed" start-time="2021-11-10 08:23:01Z" end-time="2021-11-10 08:23:01Z" duration="0.000075" asserts="1" />
            <test-case id="1094" name="MissingNumTest([10, 5, 4, 9, 7, ...],8)" fullname="Open_Lab_04._12.Tests.MissingNumTest([10, 5, 4, 9, 7, ...],8)" methodname="MissingNumTest" classname="Open_Lab_04._12.Tests" runstate="Runnable" seed="1612545379" result="Passed" start-time="2021-11-10 08:23:01Z" end-time="2021-11-10 08:23:01Z" duration="0.000057" asserts="1" />
            <test-case id="1095" name="MissingNumTest([8, 3, 10, 4, 9, ...],5)" fullname="Open_Lab_04._12.Tests.MissingNumTest([8, 3, 10, 4, 9, ...],5)" methodname="MissingNumTest" classname="Open_Lab_04._12.Tests" runstate="Runnable" seed="1537036157" result="Passed" start-time="2021-11-10 08:23:01Z" end-time="2021-11-10 08:23:01Z" duration="0.000184" asserts="1" />
            <test-case id="1096" name="MissingNumTest([4, 8, 10, 6, 2, ...],3)" fullname="Open_Lab_04._12.Tests.MissingNumTest([4, 8, 10, 6, 2, ...],3)" methodname="MissingNumTest" classname="Open_Lab_04._12.Tests" runstate="Runnable" seed="1884578892" result="Passed" start-time="2021-11-10 08:23:01Z" end-time="2021-11-10 08:23:01Z" duration="0.000072" asserts="1" />
            <test-case id="1097" name="MissingNumTest([8, 4, 1, 2, 6, ...],10)" fullname="Open_Lab_04._12.Tests.MissingNumTest([8, 4, 1, 2, 6, ...],10)" methodname="MissingNumTest" classname="Open_Lab_04._12.Tests" runstate="Runnable" seed="1439603632" result="Passed" start-time="2021-11-10 08:23:01Z" end-time="2021-11-10 08:23:01Z" duration="0.000055" asserts="1" />
            <test-case id="1098" name="MissingNumTest([2, 5, 1, 3, 8, ...],4)" fullname="Open_Lab_04._12.Tests.MissingNumTest([2, 5, 1, 3, 8, ...],4)" methodname="MissingNumTest" classname="Open_Lab_04._12.Tests" runstate="Runnable" seed="619086354" result="Passed" start-time="2021-11-10 08:23:01Z" end-time="2021-11-10 08:23:01Z" duration="0.000063" asserts="1" />
            <test-case id="1099" name="MissingNumTest([6, 8, 3, 10, 2, ...],1)" fullname="Open_Lab_04._12.Tests.MissingNumTest([6, 8, 3, 10, 2, ...],1)" methodname="MissingNumTest" classname="Open_Lab_04._12.Tests" runstate="Runnable" seed="1273096071" result="Passed" start-time="2021-11-10 08:23:01Z" end-time="2021-11-10 08:23:01Z" duration="0.000229" asserts="1" />
            <test-case id="1100" name="MissingNumTest([4, 5, 6, 8, 7, ...],3)" fullname="Open_Lab_04._12.Tests.MissingNumTest([4, 5, 6, 8, 7, ...],3)" methodname="MissingNumTest" classname="Open_Lab_04._12.Tests" runstate="Runnable" seed="1753718040" result="Passed" start-time="2021-11-10 08:23:01Z" end-time="2021-11-10 08:23:01Z" duration="0.000083" asserts="1" />
          </test-suite>
        </test-suite>
      </test-suite>
    </test-suite>
  </test-suite>
</test-run>